TN:
SF:app/layout.tsx
FN:12,RootLayout
FNF:1
FNH:0
FNDA:0,RootLayout
DA:2,0
DA:3,0
DA:5,0
DA:7,0
DA:12,0
LF:5
LH:0
BRF:0
BRH:0
end_of_record
TN:
SF:app/page.tsx
FN:5,Home
FN:8,(anonymous_2)
FN:34,(anonymous_3)
FN:102,(anonymous_4)
FN:103,(anonymous_5)
FN:119,(anonymous_6)
FN:120,(anonymous_7)
FNF:7
FNH:0
FNDA:0,Home
FNDA:0,(anonymous_2)
FNDA:0,(anonymous_3)
FNDA:0,(anonymous_4)
FNDA:0,(anonymous_5)
FNDA:0,(anonymous_6)
FNDA:0,(anonymous_7)
DA:3,0
DA:5,0
DA:6,0
DA:8,0
DA:9,0
DA:10,0
DA:11,0
DA:24,0
DA:25,0
DA:27,0
DA:30,0
DA:34,0
DA:35,0
DA:36,0
DA:37,0
DA:47,0
DA:48,0
DA:49,0
DA:51,0
DA:54,0
DA:102,0
DA:103,0
DA:119,0
DA:120,0
LF:24
LH:0
BRDA:24,0,0,0
BRDA:24,0,1,0
BRDA:43,1,0,0
BRDA:43,1,1,0
BRDA:47,2,0,0
BRDA:47,2,1,0
BRF:6
BRH:0
end_of_record
TN:
SF:app/api/agent/route.ts
FN:16,(anonymous_4)
FN:28,(anonymous_5)
FN:33,(anonymous_6)
FNF:3
FNH:1
FNDA:4,(anonymous_4)
FNDA:0,(anonymous_5)
FNDA:0,(anonymous_6)
DA:1,1
DA:2,1
DA:4,1
DA:5,1
DA:6,1
DA:8,1
DA:13,1
DA:16,4
DA:17,4
DA:18,4
DA:19,4
DA:20,4
DA:21,4
DA:23,4
DA:24,4
DA:25,4
DA:28,0
DA:29,0
DA:34,0
DA:38,0
LF:20
LH:16
BRDA:18,0,0,4
BRDA:18,0,1,1
BRDA:19,1,0,4
BRDA:19,1,1,1
BRDA:23,2,0,4
BRF:5
BRH:5
end_of_record
TN:
SF:app/api/authorize/route.ts
FN:4,(anonymous_3)
FNF:1
FNH:1
FNDA:5,(anonymous_3)
DA:1,1
DA:2,1
DA:4,5
DA:6,5
DA:7,5
DA:9,5
DA:10,1
DA:16,4
DA:17,4
DA:18,1
DA:24,3
DA:25,3
DA:34,2
DA:35,1
DA:36,1
DA:42,1
DA:44,1
DA:45,1
LF:18
LH:18
BRDA:9,0,0,1
BRDA:17,1,0,1
BRDA:17,2,0,4
BRDA:17,2,1,4
BRDA:34,3,0,1
BRDA:37,4,0,1
BRDA:37,4,1,0
BRF:7
BRH:6
end_of_record
TN:
SF:app/api/health/route.ts
FN:4,GET
FNF:1
FNH:1
FNDA:3,GET
DA:1,1
DA:2,1
DA:4,3
DA:5,3
DA:7,3
DA:8,0
DA:18,3
LF:7
LH:6
BRDA:7,0,0,0
BRF:1
BRH:0
end_of_record
